# JRE version: Java(TM) SE Runtime Environment (8.0_45-b15) (build 1.8.0_45-b15)
# Java VM: Java HotSpot(TM) 64-Bit Server VM (25.45-b02 mixed mode windows-amd64 compressed oops)
Heap:
 par new generation   total 306688K, used 234955K [0x0000000080000000, 0x0000000094cc0000, 0x0000000094cc0000)
  eden space 272640K,  73% used [0x0000000080000000, 0x000000008c432ce8, 0x0000000090a40000)
  from space 34048K, 100% used [0x0000000090a40000, 0x0000000092b80000, 0x0000000092b80000)
  to   space 34048K,   0% used [0x0000000092b80000, 0x0000000092b80000, 0x0000000094cc0000)
 concurrent mark-sweep generation total 1756416K, used 54911K [0x0000000094cc0000, 0x0000000100000000, 0x0000000100000000)
 Metaspace       used 28541K, capacity 28823K, committed 29272K, reserved 1075200K
  class space    used 3551K, capacity 3633K, committed 3708K, reserved 1048576K
GC Heap History (10 events):
Event: 1.318 GC heap before
{Heap before GC invocations=0 (full 0):
 par new generation   total 306688K, used 60018K [0x0000000080000000, 0x0000000094cc0000, 0x0000000094cc0000)
  eden space 272640K,  22% used [0x0000000080000000, 0x0000000083a9cbc0, 0x0000000090a40000)
  from space 34048K,   0% used [0x0000000090a40000, 0x0000000090a40000, 0x0000000092b80000)
  to   space 34048K,   0% used [0x0000000092b80000, 0x0000000092b80000, 0x0000000094cc0000)
 concurrent mark-sweep generation total 1756416K, used 0K [0x0000000094cc0000, 0x0000000100000000, 0x0000000100000000)
 Metaspace       used 10292K, capacity 10388K, committed 10496K, reserved 1058816K
  class space    used 1220K, capacity 1237K, committed 1280K, reserved 1048576K
Event: 1.357 GC heap after
Heap after GC invocations=1 (full 1):
 par new generation   total 306688K, used 0K [0x0000000080000000, 0x0000000094cc0000, 0x0000000094cc0000)
  eden space 272640K,   0% used [0x0000000080000000, 0x0000000080000000, 0x0000000090a40000)
  from space 34048K,   0% used [0x0000000090a40000, 0x0000000090a40000, 0x0000000092b80000)
  to   space 34048K,   0% used [0x0000000092b80000, 0x0000000092b80000, 0x0000000094cc0000)
 concurrent mark-sweep generation total 1756416K, used 5814K [0x0000000094cc0000, 0x0000000100000000, 0x0000000100000000)
 Metaspace       used 10292K, capacity 10388K, committed 10496K, reserved 1058816K
  class space    used 1220K, capacity 1237K, committed 1280K, reserved 1048576K
}
Event: 7.295 GC heap before
{Heap before GC invocations=1 (full 2):
 par new generation   total 306688K, used 272640K [0x0000000080000000, 0x0000000094cc0000, 0x0000000094cc0000)
  eden space 272640K, 100% used [0x0000000080000000, 0x0000000090a40000, 0x0000000090a40000)
  from space 34048K,   0% used [0x0000000090a40000, 0x0000000090a40000, 0x0000000092b80000)
  to   space 34048K,   0% used [0x0000000092b80000, 0x0000000092b80000, 0x0000000094cc0000)
 concurrent mark-sweep generation total 1756416K, used 5814K [0x0000000094cc0000, 0x0000000100000000, 0x0000000100000000)
 Metaspace       used 17197K, capacity 17438K, committed 17792K, reserved 1064960K
  class space    used 2024K, capacity 2112K, committed 2176K, reserved 1048576K
Event: 7.316 GC heap after
Heap after GC invocations=2 (full 2):
 par new generation   total 306688K, used 23102K [0x0000000080000000, 0x0000000094cc0000, 0x0000000094cc0000)
  eden space 272640K,   0% used [0x0000000080000000, 0x0000000080000000, 0x0000000090a40000)
  from space 34048K,  67% used [0x0000000092b80000, 0x000000009420f860, 0x0000000094cc0000)
  to   space 34048K,   0% used [0x0000000090a40000, 0x0000000090a40000, 0x0000000092b80000)
 concurrent mark-sweep generation total 1756416K, used 5814K [0x0000000094cc0000, 0x0000000100000000, 0x0000000100000000)
 Metaspace       used 17197K, capacity 17438K, committed 17792K, reserved 1064960K
  class space    used 2024K, capacity 2112K, committed 2176K, reserved 1048576K
}
Event: 10.726 GC heap before
{Heap before GC invocations=2 (full 2):
 par new generation   total 306688K, used 295742K [0x0000000080000000, 0x0000000094cc0000, 0x0000000094cc0000)
  eden space 272640K, 100% used [0x0000000080000000, 0x0000000090a40000, 0x0000000090a40000)
  from space 34048K,  67% used [0x0000000092b80000, 0x000000009420f860, 0x0000000094cc0000)
  to   space 34048K,   0% used [0x0000000090a40000, 0x0000000090a40000, 0x0000000092b80000)
 concurrent mark-sweep generation total 1756416K, used 3340K [0x0000000094cc0000, 0x0000000100000000, 0x0000000100000000)
 Metaspace       used 24202K, capacity 24429K, committed 24872K, reserved 1071104K
  class space    used 2977K, capacity 3048K, committed 3120K, reserved 1048576K
Event: 10.781 GC heap after
Heap after GC invocations=3 (full 2):
 par new generation   total 306688K, used 15565K [0x0000000080000000, 0x0000000094cc0000, 0x0000000094cc0000)
  eden space 272640K,   0% used [0x0000000080000000, 0x0000000080000000, 0x0000000090a40000)
  from space 34048K,  45% used [0x0000000090a40000, 0x0000000091973748, 0x0000000092b80000)
  to   space 34048K,   0% used [0x0000000092b80000, 0x0000000092b80000, 0x0000000094cc0000)
 concurrent mark-sweep generation total 1756416K, used 23067K [0x0000000094cc0000, 0x0000000100000000, 0x0000000100000000)
 Metaspace       used 24202K, capacity 24429K, committed 24872K, reserved 1071104K
  class space    used 2977K, capacity 3048K, committed 3120K, reserved 1048576K
}
Event: 15.499 GC heap before
{Heap before GC invocations=3 (full 2):
 par new generation   total 306688K, used 288205K [0x0000000080000000, 0x0000000094cc0000, 0x0000000094cc0000)
  eden space 272640K, 100% used [0x0000000080000000, 0x0000000090a40000, 0x0000000090a40000)
  from space 34048K,  45% used [0x0000000090a40000, 0x0000000091973748, 0x0000000092b80000)
  to   space 34048K,   0% used [0x0000000092b80000, 0x0000000092b80000, 0x0000000094cc0000)
 concurrent mark-sweep generation total 1756416K, used 22324K [0x0000000094cc0000, 0x0000000100000000, 0x0000000100000000)
 Metaspace       used 25639K, capacity 25843K, committed 26200K, reserved 1073152K
  class space    used 3119K, capacity 3177K, committed 3196K, reserved 1048576K
Event: 15.528 GC heap after
Heap after GC invocations=4 (full 2):
 par new generation   total 306688K, used 32847K [0x0000000080000000, 0x0000000094cc0000, 0x0000000094cc0000)
  eden space 272640K,   0% used [0x0000000080000000, 0x0000000080000000, 0x0000000090a40000)
  from space 34048K,  96% used [0x0000000092b80000, 0x0000000094b93d70, 0x0000000094cc0000)
  to   space 34048K,   0% used [0x0000000090a40000, 0x0000000090a40000, 0x0000000092b80000)
 concurrent mark-sweep generation total 1756416K, used 22324K [0x0000000094cc0000, 0x0000000100000000, 0x0000000100000000)
 Metaspace       used 25639K, capacity 25843K, committed 26200K, reserved 1073152K
  class space    used 3119K, capacity 3177K, committed 3196K, reserved 1048576K
}
Event: 18.341 GC heap before
{Heap before GC invocations=4 (full 2):
 par new generation   total 306688K, used 305487K [0x0000000080000000, 0x0000000094cc0000, 0x0000000094cc0000)
  eden space 272640K, 100% used [0x0000000080000000, 0x0000000090a40000, 0x0000000090a40000)
  from space 34048K,  96% used [0x0000000092b80000, 0x0000000094b93d70, 0x0000000094cc0000)
  to   space 34048K,   0% used [0x0000000090a40000, 0x0000000090a40000, 0x0000000092b80000)
 concurrent mark-sweep generation total 1756416K, used 22324K [0x0000000094cc0000, 0x0000000100000000, 0x0000000100000000)
 Metaspace       used 25688K, capacity 25907K, committed 26200K, reserved 1073152K
  class space    used 3119K, capacity 3177K, committed 3196K, reserved 1048576K
Event: 18.404 GC heap after
Heap after GC invocations=5 (full 2):
 par new generation   total 306688K, used 34048K [0x0000000080000000, 0x0000000094cc0000, 0x0000000094cc0000)
  eden space 272640K,   0% used [0x0000000080000000, 0x0000000080000000, 0x0000000090a40000)
  from space 34048K, 100% used [0x0000000090a40000, 0x0000000092b80000, 0x0000000092b80000)
  to   space 34048K,   0% used [0x0000000092b80000, 0x0000000092b80000, 0x0000000094cc0000)
 concurrent mark-sweep generation total 1756416K, used 54911K [0x0000000094cc0000, 0x0000000100000000, 0x0000000100000000)
 Metaspace       used 25688K, capacity 25907K, committed 26200K, reserved 1073152K
  class space    used 3119K, capacity 3177K, committed 3196K, reserved 1048576K
}

