# JRE version: Java(TM) SE Runtime Environment (8.0_45-b15) (build 1.8.0_45-b15)
# Java VM: Java HotSpot(TM) 64-Bit Server VM (25.45-b02 mixed mode windows-amd64 compressed oops)
Heap:
 par new generation   total 306688K, used 119734K [0x0000000080000000, 0x0000000094cc0000, 0x0000000094cc0000)
  eden space 272640K,  31% used [0x0000000080000000, 0x00000000853ad880, 0x0000000090a40000)
  from space 34048K, 100% used [0x0000000092b80000, 0x0000000094cc0000, 0x0000000094cc0000)
  to   space 34048K,   0% used [0x0000000090a40000, 0x0000000090a40000, 0x0000000092b80000)
 concurrent mark-sweep generation total 1756416K, used 95456K [0x0000000094cc0000, 0x0000000100000000, 0x0000000100000000)
 Metaspace       used 38177K, capacity 38471K, committed 38784K, reserved 1083392K
  class space    used 4547K, capacity 4655K, committed 4736K, reserved 1048576K
GC Heap History (10 events):
Event: 39.869 GC heap before
{Heap before GC invocations=8 (full 4):
 par new generation   total 306688K, used 80197K [0x0000000080000000, 0x0000000094cc0000, 0x0000000094cc0000)
  eden space 272640K,  23% used [0x0000000080000000, 0x0000000083eaa640, 0x0000000090a40000)
  from space 34048K,  47% used [0x0000000092b80000, 0x0000000093b26fb8, 0x0000000094cc0000)
  to   space 34048K,   0% used [0x0000000090a40000, 0x0000000090a40000, 0x0000000092b80000)
 concurrent mark-sweep generation total 1756416K, used 73990K [0x0000000094cc0000, 0x0000000100000000, 0x0000000100000000)
 Metaspace       used 30864K, capacity 31095K, committed 31360K, reserved 1077248K
  class space    used 3793K, capacity 3857K, committed 3968K, reserved 1048576K
Event: 40.018 GC heap after
Heap after GC invocations=9 (full 5):
 par new generation   total 306688K, used 0K [0x0000000080000000, 0x0000000094cc0000, 0x0000000094cc0000)
  eden space 272640K,   0% used [0x0000000080000000, 0x0000000080000000, 0x0000000090a40000)
  from space 34048K,   0% used [0x0000000092b80000, 0x0000000092b80000, 0x0000000094cc0000)
  to   space 34048K,   0% used [0x0000000090a40000, 0x0000000090a40000, 0x0000000092b80000)
 concurrent mark-sweep generation total 1756416K, used 59476K [0x0000000094cc0000, 0x0000000100000000, 0x0000000100000000)
 Metaspace       used 30864K, capacity 31095K, committed 31360K, reserved 1077248K
  class space    used 3793K, capacity 3857K, committed 3968K, reserved 1048576K
}
Event: 40.018 GC heap before
{Heap before GC invocations=9 (full 5):
 par new generation   total 306688K, used 0K [0x0000000080000000, 0x0000000094cc0000, 0x0000000094cc0000)
  eden space 272640K,   0% used [0x0000000080000000, 0x0000000080000000, 0x0000000090a40000)
  from space 34048K,   0% used [0x0000000092b80000, 0x0000000092b80000, 0x0000000094cc0000)
  to   space 34048K,   0% used [0x0000000090a40000, 0x0000000090a40000, 0x0000000092b80000)
 concurrent mark-sweep generation total 1756416K, used 59476K [0x0000000094cc0000, 0x0000000100000000, 0x0000000100000000)
 Metaspace       used 30864K, capacity 31095K, committed 31360K, reserved 1077248K
  class space    used 3793K, capacity 3857K, committed 3968K, reserved 1048576K
Event: 40.124 GC heap after
Heap after GC invocations=10 (full 6):
 par new generation   total 306688K, used 0K [0x0000000080000000, 0x0000000094cc0000, 0x0000000094cc0000)
  eden space 272640K,   0% used [0x0000000080000000, 0x0000000080000000, 0x0000000090a40000)
  from space 34048K,   0% used [0x0000000092b80000, 0x0000000092b80000, 0x0000000094cc0000)
  to   space 34048K,   0% used [0x0000000090a40000, 0x0000000090a40000, 0x0000000092b80000)
 concurrent mark-sweep generation total 1756416K, used 59476K [0x0000000094cc0000, 0x0000000100000000, 0x0000000100000000)
 Metaspace       used 30864K, capacity 31095K, committed 31360K, reserved 1077248K
  class space    used 3793K, capacity 3857K, committed 3968K, reserved 1048576K
}
Event: 43.971 GC heap before
{Heap before GC invocations=10 (full 7):
 par new generation   total 306688K, used 272640K [0x0000000080000000, 0x0000000094cc0000, 0x0000000094cc0000)
  eden space 272640K, 100% used [0x0000000080000000, 0x0000000090a40000, 0x0000000090a40000)
  from space 34048K,   0% used [0x0000000092b80000, 0x0000000092b80000, 0x0000000094cc0000)
  to   space 34048K,   0% used [0x0000000090a40000, 0x0000000090a40000, 0x0000000092b80000)
 concurrent mark-sweep generation total 1756416K, used 59476K [0x0000000094cc0000, 0x0000000100000000, 0x0000000100000000)
 Metaspace       used 34923K, capacity 35141K, committed 35456K, reserved 1081344K
  class space    used 4275K, capacity 4372K, committed 4480K, reserved 1048576K
Event: 43.996 GC heap after
Heap after GC invocations=11 (full 7):
 par new generation   total 306688K, used 34048K [0x0000000080000000, 0x0000000094cc0000, 0x0000000094cc0000)
  eden space 272640K,   0% used [0x0000000080000000, 0x0000000080000000, 0x0000000090a40000)
  from space 34048K, 100% used [0x0000000090a40000, 0x0000000092b80000, 0x0000000092b80000)
  to   space 34048K,   0% used [0x0000000092b80000, 0x0000000092b80000, 0x0000000094cc0000)
 concurrent mark-sweep generation total 1756416K, used 66778K [0x0000000094cc0000, 0x0000000100000000, 0x0000000100000000)
 Metaspace       used 34923K, capacity 35141K, committed 35456K, reserved 1081344K
  class space    used 4275K, capacity 4372K, committed 4480K, reserved 1048576K
}
Event: 44.005 GC heap before
{Heap before GC invocations=11 (full 7):
 par new generation   total 306688K, used 42513K [0x0000000080000000, 0x0000000094cc0000, 0x0000000094cc0000)
  eden space 272640K,   3% used [0x0000000080000000, 0x0000000080844478, 0x0000000090a40000)
  from space 34048K, 100% used [0x0000000090a40000, 0x0000000092b80000, 0x0000000092b80000)
  to   space 34048K,   0% used [0x0000000092b80000, 0x0000000092b80000, 0x0000000094cc0000)
 concurrent mark-sweep generation total 1756416K, used 66778K [0x0000000094cc0000, 0x0000000100000000, 0x0000000100000000)
 Metaspace       used 34927K, capacity 35141K, committed 35456K, reserved 1081344K
  class space    used 4275K, capacity 4372K, committed 4480K, reserved 1048576K
Event: 44.184 GC heap after
Heap after GC invocations=12 (full 8):
 par new generation   total 306688K, used 0K [0x0000000080000000, 0x0000000094cc0000, 0x0000000094cc0000)
  eden space 272640K,   0% used [0x0000000080000000, 0x0000000080000000, 0x0000000090a40000)
  from space 34048K,   0% used [0x0000000090a40000, 0x0000000090a40000, 0x0000000092b80000)
  to   space 34048K,   0% used [0x0000000092b80000, 0x0000000092b80000, 0x0000000094cc0000)
 concurrent mark-sweep generation total 1756416K, used 93836K [0x0000000094cc0000, 0x0000000100000000, 0x0000000100000000)
 Metaspace       used 34927K, capacity 35141K, committed 35456K, reserved 1081344K
  class space    used 4275K, capacity 4372K, committed 4480K, reserved 1048576K
}
Event: 46.737 GC heap before
{Heap before GC invocations=12 (full 8):
 par new generation   total 306688K, used 272640K [0x0000000080000000, 0x0000000094cc0000, 0x0000000094cc0000)
  eden space 272640K, 100% used [0x0000000080000000, 0x0000000090a40000, 0x0000000090a40000)
  from space 34048K,   0% used [0x0000000090a40000, 0x0000000090a40000, 0x0000000092b80000)
  to   space 34048K,   0% used [0x0000000092b80000, 0x0000000092b80000, 0x0000000094cc0000)
 concurrent mark-sweep generation total 1756416K, used 93836K [0x0000000094cc0000, 0x0000000100000000, 0x0000000100000000)
 Metaspace       used 37865K, capacity 38215K, committed 38528K, reserved 1083392K
  class space    used 4541K, capacity 4655K, committed 4736K, reserved 1048576K
Event: 46.754 GC heap after
Heap after GC invocations=13 (full 8):
 par new generation   total 306688K, used 34048K [0x0000000080000000, 0x0000000094cc0000, 0x0000000094cc0000)
  eden space 272640K,   0% used [0x0000000080000000, 0x0000000080000000, 0x0000000090a40000)
  from space 34048K, 100% used [0x0000000092b80000, 0x0000000094cc0000, 0x0000000094cc0000)
  to   space 34048K,   0% used [0x0000000090a40000, 0x0000000090a40000, 0x0000000092b80000)
 concurrent mark-sweep generation total 1756416K, used 95456K [0x0000000094cc0000, 0x0000000100000000, 0x0000000100000000)
 Metaspace       used 37865K, capacity 38215K, committed 38528K, reserved 1083392K
  class space    used 4541K, capacity 4655K, committed 4736K, reserved 1048576K
}

