# JRE version: Java(TM) SE Runtime Environment (8.0_45-b15) (build 1.8.0_45-b15)
# Java VM: Java HotSpot(TM) 64-Bit Server VM (25.45-b02 mixed mode windows-amd64 compressed oops)
Heap:
 par new generation   total 306688K, used 277227K [0x0000000080000000, 0x0000000094cc0000, 0x0000000094cc0000)
  eden space 272640K,  89% used [0x0000000080000000, 0x000000008ed7af18, 0x0000000090a40000)
  from space 34048K,  99% used [0x0000000090a40000, 0x0000000092b7fff8, 0x0000000092b80000)
  to   space 34048K,   0% used [0x0000000092b80000, 0x0000000092b80000, 0x0000000094cc0000)
 concurrent mark-sweep generation total 1756416K, used 61501K [0x0000000094cc0000, 0x0000000100000000, 0x0000000100000000)
 Metaspace       used 29482K, capacity 29667K, committed 29952K, reserved 1075200K
  class space    used 3673K, capacity 3763K, committed 3840K, reserved 1048576K
GC Heap History (10 events):
Event: 1.477 GC heap before
{Heap before GC invocations=0 (full 0):
 par new generation   total 306688K, used 60018K [0x0000000080000000, 0x0000000094cc0000, 0x0000000094cc0000)
  eden space 272640K,  22% used [0x0000000080000000, 0x0000000083a9cae8, 0x0000000090a40000)
  from space 34048K,   0% used [0x0000000090a40000, 0x0000000090a40000, 0x0000000092b80000)
  to   space 34048K,   0% used [0x0000000092b80000, 0x0000000092b80000, 0x0000000094cc0000)
 concurrent mark-sweep generation total 1756416K, used 0K [0x0000000094cc0000, 0x0000000100000000, 0x0000000100000000)
 Metaspace       used 10263K, capacity 10388K, committed 10496K, reserved 1058816K
  class space    used 1221K, capacity 1237K, committed 1280K, reserved 1048576K
Event: 1.521 GC heap after
Heap after GC invocations=1 (full 1):
 par new generation   total 306688K, used 0K [0x0000000080000000, 0x0000000094cc0000, 0x0000000094cc0000)
  eden space 272640K,   0% used [0x0000000080000000, 0x0000000080000000, 0x0000000090a40000)
  from space 34048K,   0% used [0x0000000090a40000, 0x0000000090a40000, 0x0000000092b80000)
  to   space 34048K,   0% used [0x0000000092b80000, 0x0000000092b80000, 0x0000000094cc0000)
 concurrent mark-sweep generation total 1756416K, used 5815K [0x0000000094cc0000, 0x0000000100000000, 0x0000000100000000)
 Metaspace       used 10263K, capacity 10388K, committed 10496K, reserved 1058816K
  class space    used 1221K, capacity 1237K, committed 1280K, reserved 1048576K
}
Event: 8.051 GC heap before
{Heap before GC invocations=1 (full 2):
 par new generation   total 306688K, used 272640K [0x0000000080000000, 0x0000000094cc0000, 0x0000000094cc0000)
  eden space 272640K, 100% used [0x0000000080000000, 0x0000000090a40000, 0x0000000090a40000)
  from space 34048K,   0% used [0x0000000090a40000, 0x0000000090a40000, 0x0000000092b80000)
  to   space 34048K,   0% used [0x0000000092b80000, 0x0000000092b80000, 0x0000000094cc0000)
 concurrent mark-sweep generation total 1756416K, used 5815K [0x0000000094cc0000, 0x0000000100000000, 0x0000000100000000)
 Metaspace       used 17386K, capacity 17598K, committed 17792K, reserved 1064960K
  class space    used 2061K, capacity 2144K, committed 2176K, reserved 1048576K
Event: 8.082 GC heap after
Heap after GC invocations=2 (full 2):
 par new generation   total 306688K, used 23354K [0x0000000080000000, 0x0000000094cc0000, 0x0000000094cc0000)
  eden space 272640K,   0% used [0x0000000080000000, 0x0000000080000000, 0x0000000090a40000)
  from space 34048K,  68% used [0x0000000092b80000, 0x000000009424eac8, 0x0000000094cc0000)
  to   space 34048K,   0% used [0x0000000090a40000, 0x0000000090a40000, 0x0000000092b80000)
 concurrent mark-sweep generation total 1756416K, used 5815K [0x0000000094cc0000, 0x0000000100000000, 0x0000000100000000)
 Metaspace       used 17386K, capacity 17598K, committed 17792K, reserved 1064960K
  class space    used 2061K, capacity 2144K, committed 2176K, reserved 1048576K
}
Event: 12.046 GC heap before
{Heap before GC invocations=2 (full 2):
 par new generation   total 306688K, used 295994K [0x0000000080000000, 0x0000000094cc0000, 0x0000000094cc0000)
  eden space 272640K, 100% used [0x0000000080000000, 0x0000000090a40000, 0x0000000090a40000)
  from space 34048K,  68% used [0x0000000092b80000, 0x000000009424eac8, 0x0000000094cc0000)
  to   space 34048K,   0% used [0x0000000090a40000, 0x0000000090a40000, 0x0000000092b80000)
 concurrent mark-sweep generation total 1756416K, used 2598K [0x0000000094cc0000, 0x0000000100000000, 0x0000000100000000)
 Metaspace       used 24496K, capacity 24813K, committed 25216K, reserved 1071104K
  class space    used 3023K, capacity 3112K, committed 3200K, reserved 1048576K
Event: 12.148 GC heap after
Heap after GC invocations=3 (full 2):
 par new generation   total 306688K, used 15796K [0x0000000080000000, 0x0000000094cc0000, 0x0000000094cc0000)
  eden space 272640K,   0% used [0x0000000080000000, 0x0000000080000000, 0x0000000090a40000)
  from space 34048K,  46% used [0x0000000090a40000, 0x00000000919ad3b8, 0x0000000092b80000)
  to   space 34048K,   0% used [0x0000000092b80000, 0x0000000092b80000, 0x0000000094cc0000)
 concurrent mark-sweep generation total 1756416K, used 22483K [0x0000000094cc0000, 0x0000000100000000, 0x0000000100000000)
 Metaspace       used 24496K, capacity 24813K, committed 25216K, reserved 1071104K
  class space    used 3023K, capacity 3112K, committed 3200K, reserved 1048576K
}
Event: 18.140 GC heap before
{Heap before GC invocations=3 (full 3):
 par new generation   total 306688K, used 288436K [0x0000000080000000, 0x0000000094cc0000, 0x0000000094cc0000)
  eden space 272640K, 100% used [0x0000000080000000, 0x0000000090a40000, 0x0000000090a40000)
  from space 34048K,  46% used [0x0000000090a40000, 0x00000000919ad3b8, 0x0000000092b80000)
  to   space 34048K,   0% used [0x0000000092b80000, 0x0000000092b80000, 0x0000000094cc0000)
 concurrent mark-sweep generation total 1756416K, used 22483K [0x0000000094cc0000, 0x0000000100000000, 0x0000000100000000)
 Metaspace       used 25662K, capacity 25907K, committed 26240K, reserved 1073152K
  class space    used 3118K, capacity 3177K, committed 3200K, reserved 1048576K
Event: 18.167 GC heap after
Heap after GC invocations=4 (full 3):
 par new generation   total 306688K, used 32811K [0x0000000080000000, 0x0000000094cc0000, 0x0000000094cc0000)
  eden space 272640K,   0% used [0x0000000080000000, 0x0000000080000000, 0x0000000090a40000)
  from space 34048K,  96% used [0x0000000092b80000, 0x0000000094b8afd8, 0x0000000094cc0000)
  to   space 34048K,   0% used [0x0000000090a40000, 0x0000000090a40000, 0x0000000092b80000)
 concurrent mark-sweep generation total 1756416K, used 22483K [0x0000000094cc0000, 0x0000000100000000, 0x0000000100000000)
 Metaspace       used 25662K, capacity 25907K, committed 26240K, reserved 1073152K
  class space    used 3118K, capacity 3177K, committed 3200K, reserved 1048576K
}
Event: 20.012 GC heap before
{Heap before GC invocations=4 (full 3):
 par new generation   total 306688K, used 305451K [0x0000000080000000, 0x0000000094cc0000, 0x0000000094cc0000)
  eden space 272640K, 100% used [0x0000000080000000, 0x0000000090a40000, 0x0000000090a40000)
  from space 34048K,  96% used [0x0000000092b80000, 0x0000000094b8afd8, 0x0000000094cc0000)
  to   space 34048K,   0% used [0x0000000090a40000, 0x0000000090a40000, 0x0000000092b80000)
 concurrent mark-sweep generation total 1756416K, used 22483K [0x0000000094cc0000, 0x0000000100000000, 0x0000000100000000)
 Metaspace       used 25717K, capacity 25907K, committed 26240K, reserved 1073152K
  class space    used 3118K, capacity 3177K, committed 3200K, reserved 1048576K
Event: 20.089 GC heap after
Heap after GC invocations=5 (full 3):
 par new generation   total 306688K, used 34047K [0x0000000080000000, 0x0000000094cc0000, 0x0000000094cc0000)
  eden space 272640K,   0% used [0x0000000080000000, 0x0000000080000000, 0x0000000090a40000)
  from space 34048K,  99% used [0x0000000090a40000, 0x0000000092b7fff8, 0x0000000092b80000)
  to   space 34048K,   0% used [0x0000000092b80000, 0x0000000092b80000, 0x0000000094cc0000)
 concurrent mark-sweep generation total 1756416K, used 61622K [0x0000000094cc0000, 0x0000000100000000, 0x0000000100000000)
 Metaspace       used 25717K, capacity 25907K, committed 26240K, reserved 1073152K
  class space    used 3118K, capacity 3177K, committed 3200K, reserved 1048576K
}

