# JRE version: Java(TM) SE Runtime Environment (8.0_45-b15) (build 1.8.0_45-b15)
# Java VM: Java HotSpot(TM) 64-Bit Server VM (25.45-b02 mixed mode windows-amd64 compressed oops)
Heap:
 par new generation   total 306688K, used 129216K [0x0000000080000000, 0x0000000094cc0000, 0x0000000094cc0000)
  eden space 272640K,  41% used [0x0000000080000000, 0x0000000086e6c9e8, 0x0000000090a40000)
  from space 34048K,  47% used [0x0000000090a40000, 0x0000000091a03860, 0x0000000092b80000)
  to   space 34048K,   0% used [0x0000000092b80000, 0x0000000092b80000, 0x0000000094cc0000)
 concurrent mark-sweep generation total 1756416K, used 76984K [0x0000000094cc0000, 0x0000000100000000, 0x0000000100000000)
 Metaspace       used 30789K, capacity 31011K, committed 31360K, reserved 1077248K
  class space    used 3819K, capacity 3891K, committed 3968K, reserved 1048576K
GC Heap History (10 events):
Event: 11.005 GC heap before
{Heap before GC invocations=2 (full 2):
 par new generation   total 306688K, used 295993K [0x0000000080000000, 0x0000000094cc0000, 0x0000000094cc0000)
  eden space 272640K, 100% used [0x0000000080000000, 0x0000000090a40000, 0x0000000090a40000)
  from space 34048K,  68% used [0x0000000092b80000, 0x000000009424e720, 0x0000000094cc0000)
  to   space 34048K,   0% used [0x0000000090a40000, 0x0000000090a40000, 0x0000000092b80000)
 concurrent mark-sweep generation total 1756416K, used 2599K [0x0000000094cc0000, 0x0000000100000000, 0x0000000100000000)
 Metaspace       used 24597K, capacity 24813K, committed 25216K, reserved 1071104K
  class space    used 3032K, capacity 3112K, committed 3200K, reserved 1048576K
Event: 11.062 GC heap after
Heap after GC invocations=3 (full 2):
 par new generation   total 306688K, used 15912K [0x0000000080000000, 0x0000000094cc0000, 0x0000000094cc0000)
  eden space 272640K,   0% used [0x0000000080000000, 0x0000000080000000, 0x0000000090a40000)
  from space 34048K,  46% used [0x0000000090a40000, 0x00000000919ca0c0, 0x0000000092b80000)
  to   space 34048K,   0% used [0x0000000092b80000, 0x0000000092b80000, 0x0000000094cc0000)
 concurrent mark-sweep generation total 1756416K, used 22481K [0x0000000094cc0000, 0x0000000100000000, 0x0000000100000000)
 Metaspace       used 24597K, capacity 24813K, committed 25216K, reserved 1071104K
  class space    used 3032K, capacity 3112K, committed 3200K, reserved 1048576K
}
Event: 15.461 GC heap before
{Heap before GC invocations=3 (full 3):
 par new generation   total 306688K, used 288552K [0x0000000080000000, 0x0000000094cc0000, 0x0000000094cc0000)
  eden space 272640K, 100% used [0x0000000080000000, 0x0000000090a40000, 0x0000000090a40000)
  from space 34048K,  46% used [0x0000000090a40000, 0x00000000919ca0c0, 0x0000000092b80000)
  to   space 34048K,   0% used [0x0000000092b80000, 0x0000000092b80000, 0x0000000094cc0000)
 concurrent mark-sweep generation total 1756416K, used 22481K [0x0000000094cc0000, 0x0000000100000000, 0x0000000100000000)
 Metaspace       used 25639K, capacity 25843K, committed 25984K, reserved 1073152K
  class space    used 3118K, capacity 3177K, committed 3200K, reserved 1048576K
Event: 15.514 GC heap after
Heap after GC invocations=4 (full 3):
 par new generation   total 306688K, used 34048K [0x0000000080000000, 0x0000000094cc0000, 0x0000000094cc0000)
  eden space 272640K,   0% used [0x0000000080000000, 0x0000000080000000, 0x0000000090a40000)
  from space 34048K, 100% used [0x0000000092b80000, 0x0000000094cc0000, 0x0000000094cc0000)
  to   space 34048K,   0% used [0x0000000090a40000, 0x0000000090a40000, 0x0000000092b80000)
 concurrent mark-sweep generation total 1756416K, used 23491K [0x0000000094cc0000, 0x0000000100000000, 0x0000000100000000)
 Metaspace       used 25639K, capacity 25843K, committed 25984K, reserved 1073152K
  class space    used 3118K, capacity 3177K, committed 3200K, reserved 1048576K
}
Event: 17.160 GC heap before
{Heap before GC invocations=4 (full 3):
 par new generation   total 306688K, used 306688K [0x0000000080000000, 0x0000000094cc0000, 0x0000000094cc0000)
  eden space 272640K, 100% used [0x0000000080000000, 0x0000000090a40000, 0x0000000090a40000)
  from space 34048K, 100% used [0x0000000092b80000, 0x0000000094cc0000, 0x0000000094cc0000)
  to   space 34048K,   0% used [0x0000000090a40000, 0x0000000090a40000, 0x0000000092b80000)
 concurrent mark-sweep generation total 1756416K, used 23491K [0x0000000094cc0000, 0x0000000100000000, 0x0000000100000000)
 Metaspace       used 25698K, capacity 25907K, committed 26240K, reserved 1073152K
  class space    used 3118K, capacity 3177K, committed 3200K, reserved 1048576K
Event: 17.223 GC heap after
Heap after GC invocations=5 (full 3):
 par new generation   total 306688K, used 34047K [0x0000000080000000, 0x0000000094cc0000, 0x0000000094cc0000)
  eden space 272640K,   0% used [0x0000000080000000, 0x0000000080000000, 0x0000000090a40000)
  from space 34048K,  99% used [0x0000000090a40000, 0x0000000092b7fff8, 0x0000000092b80000)
  to   space 34048K,   0% used [0x0000000092b80000, 0x0000000092b80000, 0x0000000094cc0000)
 concurrent mark-sweep generation total 1756416K, used 63993K [0x0000000094cc0000, 0x0000000100000000, 0x0000000100000000)
 Metaspace       used 25698K, capacity 25907K, committed 26240K, reserved 1073152K
  class space    used 3118K, capacity 3177K, committed 3200K, reserved 1048576K
}
Event: 21.125 GC heap before
{Heap before GC invocations=5 (full 3):
 par new generation   total 306688K, used 306687K [0x0000000080000000, 0x0000000094cc0000, 0x0000000094cc0000)
  eden space 272640K, 100% used [0x0000000080000000, 0x0000000090a40000, 0x0000000090a40000)
  from space 34048K,  99% used [0x0000000090a40000, 0x0000000092b7fff8, 0x0000000092b80000)
  to   space 34048K,   0% used [0x0000000092b80000, 0x0000000092b80000, 0x0000000094cc0000)
 concurrent mark-sweep generation total 1756416K, used 63872K [0x0000000094cc0000, 0x0000000100000000, 0x0000000100000000)
 Metaspace       used 29527K, capacity 29731K, committed 29952K, reserved 1075200K
  class space    used 3674K, capacity 3763K, committed 3840K, reserved 1048576K
Event: 21.157 GC heap after
Heap after GC invocations=6 (full 3):
 par new generation   total 306688K, used 22784K [0x0000000080000000, 0x0000000094cc0000, 0x0000000094cc0000)
  eden space 272640K,   0% used [0x0000000080000000, 0x0000000080000000, 0x0000000090a40000)
  from space 34048K,  66% used [0x0000000092b80000, 0x00000000941c0070, 0x0000000094cc0000)
  to   space 34048K,   0% used [0x0000000090a40000, 0x0000000090a40000, 0x0000000092b80000)
 concurrent mark-sweep generation total 1756416K, used 76984K [0x0000000094cc0000, 0x0000000100000000, 0x0000000100000000)
 Metaspace       used 29527K, capacity 29731K, committed 29952K, reserved 1075200K
  class space    used 3674K, capacity 3763K, committed 3840K, reserved 1048576K
}
Event: 23.380 GC heap before
{Heap before GC invocations=6 (full 3):
 par new generation   total 306688K, used 295424K [0x0000000080000000, 0x0000000094cc0000, 0x0000000094cc0000)
  eden space 272640K, 100% used [0x0000000080000000, 0x0000000090a40000, 0x0000000090a40000)
  from space 34048K,  66% used [0x0000000092b80000, 0x00000000941c0070, 0x0000000094cc0000)
  to   space 34048K,   0% used [0x0000000090a40000, 0x0000000090a40000, 0x0000000092b80000)
 concurrent mark-sweep generation total 1756416K, used 76984K [0x0000000094cc0000, 0x0000000100000000, 0x0000000100000000)
 Metaspace       used 30775K, capacity 30947K, committed 31360K, reserved 1077248K
  class space    used 3819K, capacity 3891K, committed 3968K, reserved 1048576K
Event: 23.406 GC heap after
Heap after GC invocations=7 (full 3):
 par new generation   total 306688K, used 16142K [0x0000000080000000, 0x0000000094cc0000, 0x0000000094cc0000)
  eden space 272640K,   0% used [0x0000000080000000, 0x0000000080000000, 0x0000000090a40000)
  from space 34048K,  47% used [0x0000000090a40000, 0x0000000091a03860, 0x0000000092b80000)
  to   space 34048K,   0% used [0x0000000092b80000, 0x0000000092b80000, 0x0000000094cc0000)
 concurrent mark-sweep generation total 1756416K, used 76984K [0x0000000094cc0000, 0x0000000100000000, 0x0000000100000000)
 Metaspace       used 30775K, capacity 30947K, committed 31360K, reserved 1077248K
  class space    used 3819K, capacity 3891K, committed 3968K, reserved 1048576K
}

